<?xml version="1.0" encoding="UTF-8"?>
<!-- Generated by org.testng.reporters.JUnitReportReporter -->
<testsuite hostname="DESKTOP-UOVJQ5N" failures="0" tests="1" name="test.ng.annotations.Example5" time="0.005" errors="0" timestamp="2023-05-09T18:29:32 IST" skipped="0">
  <testcase classname="test.ng.annotations.Example5" name="m2" time="0.005"/>
  <system-out/>
</testsuite> <!-- test.ng.annotations.Example5 -->
