<?xml version="1.0" encoding="UTF-8"?>
<!-- Generated by org.testng.reporters.JUnitReportReporter -->
<testsuite hostname="DESKTOP-UOVJQ5N" failures="0" tests="1" name="test.ng.classes.With_TestNG_Class" time="0.015" errors="0" timestamp="2023-05-09T13:07:28 IST" skipped="0">
  <testcase classname="test.ng.classes.With_TestNG_Class" name="login" time="0.015"/>
  <system-out/>
</testsuite> <!-- test.ng.classes.With_TestNG_Class -->
