<?xml version="1.0" encoding="UTF-8"?>
<!-- Generated by org.testng.reporters.JUnitReportReporter -->
<testsuite hostname="DESKTOP-UOVJQ5N" failures="0" tests="1" name="test.ng.emailable.report.Example2" time="0.012" errors="0" timestamp="2023-05-09T13:20:46 IST" skipped="0">
  <testcase classname="test.ng.emailable.report.Example2" name="logoutFunctionality" time="0.012"/>
  <system-out>
    <![CDATA[Verifying the Logout functionality]]>
  </system-out>
</testsuite> <!-- test.ng.emailable.report.Example2 -->
