<?xml version="1.0" encoding="UTF-8"?>
<!-- Generated by org.testng.reporters.JUnitReportReporter -->
<testsuite hostname="DESKTOP-UOVJQ5N" failures="0" tests="1" name="test.ng.annotations.Example1" time="0.008" errors="0" timestamp="2023-05-09T15:27:04 IST" skipped="0">
  <testcase classname="test.ng.annotations.Example1" name="verifyLogoText" time="0.008"/>
  <system-out>
    <![CDATA[Verify logo text]]>
  </system-out>
</testsuite> <!-- test.ng.annotations.Example1 -->
