<?xml version="1.0" encoding="UTF-8"?>
<!-- Generated by org.testng.reporters.JUnitReportReporter -->
<testsuite hostname="DESKTOP-UOVJQ5N" failures="0" tests="3" name="test.ng.keywords.Example1" time="2.038" errors="0" timestamp="2023-05-09T19:07:01 IST" skipped="0">
  <testcase classname="test.ng.keywords.Example1" name="test2" time="2.020"/>
  <system-out/>
  <testcase classname="test.ng.keywords.Example1" name="test3" time="0.007"/>
  <system-out/>
  <testcase classname="test.ng.keywords.Example1" name="test1" time="0.011"/>
  <system-out/>
</testsuite> <!-- test.ng.keywords.Example1 -->
