<?xml version="1.0" encoding="UTF-8"?>
<!-- Generated by org.testng.reporters.JUnitReportReporter -->
<testsuite hostname="DESKTOP-UOVJQ5N" failures="0" tests="2" name="test.ng.keywords.Disabled" time="0.015" errors="0" timestamp="2023-05-09T18:44:38 IST" skipped="1">
  <testcase classname="test.ng.keywords.Disabled" name="test1" time="0.015"/>
  <system-out/>
  <testcase classname="test.ng.keywords.Disabled" name="test2">
    <skipped/>
  </testcase> <!-- test2 -->
  <system-out/>
</testsuite> <!-- test.ng.keywords.Disabled -->
