<?xml version="1.0" encoding="UTF-8"?>
<!-- Generated by org.testng.reporters.JUnitReportReporter -->
<testsuite hostname="DESKTOP-UOVJQ5N" failures="0" tests="2" name="test.ng.keywords2.Example1" time="0.008" errors="0" timestamp="2023-05-09T19:26:47 IST" skipped="0">
  <testcase classname="test.ng.keywords2.Example1" name="test1" time="0.007"/>
  <system-out/>
  <testcase classname="test.ng.keywords2.Example1" name="test2" time="0.001"/>
  <system-out/>
</testsuite> <!-- test.ng.keywords2.Example1 -->
