<?xml version="1.0" encoding="UTF-8"?>
<!-- Generated by org.testng.reporters.JUnitReportReporter -->
<testsuite hostname="DESKTOP-UOVJQ5N" failures="0" tests="1" name="test.ng.emailable.report.Example1" time="0.010" errors="0" timestamp="2023-05-09T13:16:57 IST" skipped="0">
  <testcase classname="test.ng.emailable.report.Example1" name="logoutFunctionality" time="0.010"/>
  <system-out/>
</testsuite> <!-- test.ng.emailable.report.Example1 -->
