<?xml version="1.0" encoding="UTF-8"?>
<!-- Generated by org.testng.reporters.JUnitReportReporter -->
<testsuite hostname="DESKTOP-UOVJQ5N" failures="0" tests="1" name="test.ng.emailable.report.Example3" time="0.015" errors="0" timestamp="2023-05-09T13:23:00 IST" skipped="0">
  <testcase classname="test.ng.emailable.report.Example3" name="logoutFunctionality" time="0.015"/>
  <system-out>
    <![CDATA[Verifying the Logout functionality]]>
  </system-out>
</testsuite> <!-- test.ng.emailable.report.Example3 -->
