<?xml version="1.0" encoding="UTF-8"?>
<!-- Generated by org.testng.reporters.JUnitReportReporter -->
<testsuite hostname="DESKTOP-UOVJQ5N" failures="0" tests="1" name="test.ng.annotations.Example2" time="0.006" errors="0" timestamp="2023-05-09T15:33:43 IST" skipped="0">
  <testcase classname="test.ng.annotations.Example2" name="m4" time="0.006"/>
  <system-out/>
</testsuite> <!-- test.ng.annotations.Example2 -->
